Running: /opt/Xilinx/14.7/ISE_DS/ISE/bin/lin64/unwrapped/fuse -intstyle ise -incremental -o /home/sd/Desktop/ULA_BCD/Simulacao_isim_beh.exe -prj /home/sd/Desktop/ULA_BCD/Simulacao_beh.prj work.Simulacao 
ISim P.20131013 (signature 0xfbc00daa)
Number of CPUs detected in this system: 2
Turning on mult-threading, number of parallel sub-compilation jobs: 4 
Determining compilation order of HDL files
Parsing VHDL file "/home/sd/Desktop/ULA_BCD/ADDER1_BCD.vhd" into library work
Parsing VHDL file "/home/sd/Desktop/ULA_BCD/Simulacao.vhd" into library work
Starting static elaboration
Completed static elaboration
Fuse Memory Usage: 95608 KB
Fuse CPU Usage: 1200 ms
Compiling package standard
Compiling package std_logic_1164
Compiling package std_logic_arith
Compiling package std_logic_unsigned
Compiling architecture behavioral of entity ADDER1_BCD [adder1_bcd_default]
Compiling architecture behavior of entity simulacao
Time Resolution for simulation is 1ps.
Compiled 7 VHDL Units
Built simulation executable /home/sd/Desktop/ULA_BCD/Simulacao_isim_beh.exe
Fuse Memory Usage: 403700 KB
Fuse CPU Usage: 1300 ms
GCC CPU Usage: 300 ms
